<?xml version="1.0" encoding="UTF-8"?>
<document version="10" show-margin="true" margin="36 36 36 36" null-string="&lt;NA&gt;">
  <page width="612" height="792">
    <stroke />
    <line x="219" y="179.997" width="123">
      <stroke />
      <arrow-head x="118" y="-5" width="10" height="10">
        <fill />
        <path>
          <mv x="0" y="0" />
          <ln x="-5" y="5" />
          <ln x="5" y="0" />
          <ln x="-5" y="-5" />
          <cl />
        </path>
      </arrow-head>
    </line>
    <line x="219" y="199" width="123">
      <stroke />
      <arrow-head x="121.631" y="-6.494" width="15" height="13" xorigin="314" yorigin="497">
        <fill />
        <path>
          <mv x="293.668" y="396.717" />
          <cv cp1x="305.41" cp1y="427.003" cp2x="312" cp2y="461.033" x="312" y="497" />
          <cv cp1x="312" cp1y="533.033" cp2x="305.386" cp2y="567.122" x="293.602" y="597.45" />
          <cv cp1x="343.372" cp1y="542.06" cp2x="424.158" cp2y="503.85" x="517.119" y="497.047" />
          <cv cp1x="424.198" cp1y="490.248" cp2x="343.443" cp2y="452.069" x="293.668" y="396.717" />
          <cl />
        </path>
      </arrow-head>
    </line>
    <line x="219" y="216.997" width="123">
      <stroke />
      <arrow-head x="119.26" y="-7" width="14" height="14">
        <fill />
        <path>
          <mv x="0" y="0" />
          <ln x="-43" y="-88" />
          <cv cp1x="10" cp1y="-45" cp2x="56" cp2y="-10" x="118" y="0" />
          <cv cp1x="56" cp1y="10" cp2x="10" cp2y="45" x="-43" y="88" />
          <cl />
        </path>
      </arrow-head>
    </line>
    <line x="219" y="234.997" width="123">
      <stroke />
      <arrow-head x="118" y="-5" width="10" height="10">
        <fill />
        <path>
          <mv x="-5" y="5" />
          <ln x="5" y="0" />
          <ln x="-5" y="-5" />
          <cl />
        </path>
      </arrow-head>
    </line>
    <line x="219" y="256" width="123">
      <stroke />
      <arrow-head x="112.565" y="-6.5" width="15" height="13" xorigin="26" yorigin="30.72">
        <fill />
        <path>
          <mv x="3.968" y="0" />
          <ln x="0" y="3.199" />
          <cv cp1x="16.512" cp1y="21.76" cp2x="24.96" cp2y="28.16" x="24.96" y="28.16" />
          <ln x="24.96" y="33.28" />
          <cv cp1x="6.783" cp1y="48.896" cp2x="0" cp2y="58.24" x="0" y="58.24" />
          <ln x="3.968" y="61.44" />
          <cv cp1x="25.728" cp1y="38.144" cp2x="37.376" cp2y="30.72" x="37.376" y="30.72" />
          <cv cp1x="12.672" cp1y="11.904" cp2x="3.968" cp2y="0" x="3.968" y="0" />
          <cl />
        </path>
      </arrow-head>
    </line>
    <line x="219" y="276.098" width="123">
      <stroke />
      <arrow-head x="115.099" y="-4.5" width="10" height="9" xorigin="8" yorigin="7.5">
        <fill />
        <path>
          <mv x="-87.479" y="-63.5" />
          <ln x="-94.521" y="-50.256" />
          <ln x="0" y="0.0010" />
          <ln x="0" y="14.998" />
          <ln x="-94.521" y="65.253" />
          <ln x="-87.479" y="78.5" />
          <ln x="35.25" y="13.244" />
          <ln x="35.25" y="1.755" />
          <ln x="-87.479" y="-63.5" />
          <cl />
        </path>
      </arrow-head>
    </line>
    <line x="219" y="292" width="123">
      <stroke />
      <arrow-head x="120.172" y="-3.535" width="4.242" height="7.07">
        <fill />
        <path>
          <mv x="0" y="0" />
          <ln x="-2.828" y="2.828" />
          <ln x="-2.121" y="3.535" />
          <ln x="1.414" y="0" />
          <ln x="-2.121" y="-3.535" />
          <ln x="-2.828" y="-2.828" />
          <cl />
        </path>
      </arrow-head>
    </line>
    <line x="219" y="309" width="123">
      <stroke />
      <arrow-head x="119.97" y="-3.535" width="4.242" height="7.07">
        <fill />
        <path>
          <mv x="0" y="0" />
          <ln x="-3.535" y="3.535" />
          <ln x="-2.121" y="3.535" />
          <ln x="1.414" y="0" />
          <ln x="-2.121" y="-3.535" />
          <ln x="-3.535" y="-3.535" />
          <cl />
        </path>
      </arrow-head>
    </line>
    <line x="219" y="326" width="123">
      <stroke />
      <arrow-head x="118.474" y="-5.988" width="18" height="12" xorigin="305" yorigin="555">
        <fill />
        <path>
          <mv x="488.752" y="555.451" />
          <ln x="266.904" y="627.031" />
          <ln x="319.388" y="555.103" />
          <ln x="267.199" y="482.961" />
          <cl />
          <mv x="226.401" y="453.629" />
          <ln x="300.195" y="555.199" />
          <ln x="226.401" y="656.769" />
          <ln x="539" y="555.199" />
          <cl />
        </path>
      </arrow-head>
    </line>
    <line x="219" y="346" width="123">
      <stroke />
      <arrow-head x="118.474" y="-5.988" width="18" height="12" xorigin="305" yorigin="555">
        <fill />
        <path>
          <mv x="488.752" y="555.451" />
          <ln x="266.904" y="627.031" />
          <ln x="319.388" y="555.103" />
          <cl />
          <mv x="226.401" y="453.629" />
          <ln x="300.195" y="555.199" />
          <ln x="226.401" y="656.769" />
          <ln x="539" y="555.199" />
          <cl />
        </path>
      </arrow-head>
    </line>
    <line x="219" y="363.0" width="123">
      <stroke />
      <arrow-head x="122.112" y="-3.846" width="26" height="15" xorigin="8" yorigin="30">
        <fill />
        <path>
          <mv x="16.98" y="28.579" />
          <cv cp1x="14.25" cp1y="26.129" cp2x="12.43" cp2y="26.129" x="12.43" y="26.129" />
          <cv cp1x="12.15" cp1y="26.129" cp2x="10.747" cp2y="26.093" x="9.84" y="26.269" />
          <cv cp1x="8.245" cp1y="26.576" cp2x="7.67" cp2y="26.969" x="7.67" y="26.969" />
          <cv cp1x="5.779" cp1y="30.96" cp2x="5.779" cp2y="35.789" x="5.779" y="35.789" />
          <cv cp1x="6.62" cp1y="45.659" cp2x="8.02" cp2y="48.18" x="8.02" y="48.18" />
          <cv cp1x="9.35" cp1y="49.3" cp2x="11.31" cp2y="49.3" x="11.31" y="49.3" />
          <cv cp1x="14.74" cp1y="49.089" cp2x="15.3" cp2y="48.879" x="15.3" y="48.879" />
          <cv cp1x="16.42" cp1y="48.25" cp2x="17.19" cp2y="47.479" x="17.19" y="47.479" />
          <cv cp1x="19.36" cp1y="48.39" cp2x="21.39" cp2y="49.649" x="21.39" y="49.649" />
          <cv cp1x="29.3" cp1y="53.989" cp2x="32.168" cp2y="53.989" x="32.168" y="53.989" />
          <cv cp1x="33.78" cp1y="53.989" cp2x="35.46" cp2y="53.85" x="35.46" y="53.85" />
          <cv cp1x="38.19" cp1y="54.62" cp2x="38.89" cp2y="54.62" x="38.89" y="54.62" />
          <cv cp1x="42.81" cp1y="53.079" cp2x="42.81" cp2y="51.399" x="42.81" y="51.399" />
          <cv cp1x="42.81" cp1y="50.909" cp2x="42.74" cp2y="50.489" x="42.74" y="50.489" />
          <cv cp1x="43.86" cp1y="50.839" cp2x="44.21" cp2y="50.839" x="44.21" y="50.839" />
          <cv cp1x="48.55" cp1y="48.739" cp2x="48.55" cp2y="46.219" x="48.55" y="46.219" />
          <cv cp1x="48.48" cp1y="45.239" cp2x="48.13" cp2y="44.329" x="48.13" y="44.329" />
          <cv cp1x="52.26" cp1y="42.44" cp2x="52.313" cp2y="41.342" x="52.26" y="40.059" />
          <cv cp1x="52.18" cp1y="38.16" cp2x="51.21" cp2y="36.839" x="51.21" y="36.839" />
          <cv cp1x="55.27" cp1y="36.839" cp2x="59.05" cp2y="36.839" x="59.05" y="36.839" />
          <cv cp1x="67.31" cp1y="36.559" cp2x="67.016" cp2y="36.511" x="68.303" y="35.963" />
          <cv cp1x="70.28" cp1y="35.123" cp2x="70.999" cp2y="34.282" x="70.819" y="32.938" />
          <cv cp1x="70.554" cp1y="30.953" cp2x="69.741" cp2y="30.08" x="68.43" y="29.699" />
          <cv cp1x="64.957" cp1y="28.687" cp2x="61.01" cp2y="28.509" x="61.01" y="28.509" />
          <cv cp1x="51.35" cp1y="27.949" cp2x="46.66" cp2y="27.179" x="46.66" y="27.179" />
          <cv cp1x="43.689" cp1y="24.03" cp2x="42.229" cp2y="23.581" x="40.85" y="22.98" />
          <cv cp1x="39.017" cp1y="22.181" cp2x="39.556" cp2y="22.517" x="38.119" y="22.181" />
          <cv cp1x="35.11" cp1y="21.477" cp2x="32.94" cp2y="21.509" x="32.94" y="21.509" />
          <cv cp1x="29.02" cp1y="21.929" cp2x="27.34" cp2y="22.559" x="27.34" y="22.559" />
          <cv cp1x="21.32" cp1y="25.779" cp2x="19.64" cp2y="27.179" x="19.64" y="27.179" />
          <cv cp1x="18.03" cp1y="28.509" cp2x="16.98" cp2y="28.579" x="16.98" y="28.579" />
          <cl />
          <mv x="50.37" y="34.879" />
          <cv cp1x="49.88" cp1y="32.078" cp2x="48.69" cp2y="30.329" x="48.69" y="30.329" />
          <cv cp1x="48.34" cp1y="29.769" cp2x="48.13" cp2y="29.349" x="48.13" y="29.349" />
          <cv cp1x="51.84" cp1y="29.699" cp2x="56.74" cp2y="30.119" x="56.74" y="30.119" />
          <cv cp1x="66.05" cp1y="30.89" cp2x="62.734" cp2y="30.248" x="65.608" y="30.753" />
          <cv cp1x="68.17" cp1y="31.202" cp2x="68.483" cp2y="32.097" x="68.5" y="32.92" />
          <cv cp1x="68.529" cp1y="34.396" cp2x="66.96" cp2y="34.39" x="66.96" y="34.39" />
          <cv cp1x="62.34" cp1y="34.879" cp2x="53.31" cp2y="34.879" x="53.31" y="34.879" />
          <cl />
          <mv x="16.278" y="30.539" />
          <cv cp1x="16.77" cp1y="30.679" cp2x="16.91" cp2y="30.679" x="16.91" y="30.679" />
          <cv cp1x="18.94" cp1y="30.189" cp2x="20.55" cp2y="28.929" x="20.55" y="28.929" />
          <cv cp1x="25.94" cp1y="25.359" cp2x="27.83" cp2y="24.519" x="27.83" y="24.519" />
          <cv cp1x="31.19" cp1y="23.399" cp2x="32.87" cp2y="23.399" x="32.87" y="23.399" />
          <cv cp1x="36.09" cp1y="23.82" cp2x="38.54" cp2y="24.449" x="38.54" y="24.449" />
          <cv cp1x="43.3" cp1y="26.129" cp2x="45.33" cp2y="28.929" x="45.33" y="28.929" />
          <cv cp1x="48.41" cp1y="33.829" cp2x="48.41" cp2y="34.6" x="48.41" y="34.6" />
          <cv cp1x="47.57" cp1y="36" cp2x="46.31" cp2y="36" x="46.31" y="36" />
          <cv cp1x="42.81" cp1y="35.019" cp2x="42.251" cp2y="33.778" x="41.48" y="33.059" />
          <cv cp1x="40.783" cp1y="32.409" cp2x="39.66" cp2y="31.869" x="39.66" y="31.869" />
          <cv cp1x="38.05" cp1y="31.239" cp2x="37.28" cp2y="31.029" x="37.28" y="31.029" />
          <cv cp1x="34.41" cp1y="34.039" cp2x="32.099" cp2y="35.51" x="32.099" y="35.51" />
          <cv cp1x="28.39" cp1y="37.19" cp2x="25.52" cp2y="37.19" x="25.52" y="37.19" />
          <cv cp1x="25.24" cp1y="37.19" cp2x="25.17" cp2y="37.19" x="25.17" y="37.19" />
          <cv cp1x="23.07" cp1y="36.979" cp2x="23" cp2y="36.979" x="23" y="36.979" />
          <cv cp1x="22.09" cp1y="37.26" cp2x="22.09" cp2y="37.75" x="22.09" y="37.75" />
          <cv cp1x="23.28" cp1y="39.079" cp2x="24.96" cp2y="39.079" x="24.96" y="39.079" />
          <cv cp1x="29.16" cp1y="38.659" cp2x="30.21" cp2y="38.379" x="30.21" y="38.379" />
          <cv cp1x="31.47" cp1y="37.89" cp2x="34.55" cp2y="36.28" x="34.55" y="36.28" />
          <cv cp1x="34.76" cp1y="37.12" cp2x="35.04" cp2y="37.61" x="35.04" y="37.61" />
          <cv cp1x="31.47" cp1y="39.149" cp2x="31.47" cp2y="41.04" x="31.47" y="41.04" />
          <cv cp1x="31.54" cp1y="41.67" cp2x="31.68" cp2y="42.229" x="31.68" y="42.229" />
          <cv cp1x="28.18" cp1y="43.769" cp2x="28.18" cp2y="46.01" x="28.18" y="46.01" />
          <cv cp1x="29.58" cp1y="49.859" cp2x="32.59" cp2y="52.239" x="32.59" y="52.239" />
          <cv cp1x="27.9" cp1y="51.26" cp2x="25.03" cp2y="49.51" x="25.03" y="49.51" />
          <cv cp1x="21.11" cp1y="47.269" cp2x="20.62" cp2y="46.989" x="20.62" y="46.989" />
          <cv cp1x="18.38" cp1y="45.94" cp2x="17.19" cp2y="45.239" x="17.19" y="45.239" />
          <cv cp1x="16" cp1y="43.28" cp2x="15.72" cp2y="41.46" x="15.72" y="41.46" />
          <cv cp1x="15.37" cp1y="38.87" cp2x="15.37" cp2y="38.1" x="15.37" y="38.1" />
          <cv cp1x="15.51" cp1y="34.25" cp2x="15.51" cp2y="33.69" x="15.51" y="33.69" />
          <cv cp1x="15.72" cp1y="31.869" cp2x="16.278" cp2y="30.539" x="16.278" y="30.539" />
          <cl />
          <mv x="48.97" y="37.26" />
          <cv cp1x="49.95" cp1y="38.379" cp2x="50.09" cp2y="38.94" x="50.09" y="38.94" />
          <cv cp1x="50.37" cp1y="39.78" cp2x="50.37" cp2y="40.059" x="50.37" y="40.059" />
          <cv cp1x="49.11" cp1y="42.579" cp2x="47.78" cp2y="42.579" x="47.78" y="42.579" />
          <cv cp1x="44.63" cp1y="41.809" cp2x="43.3" cp2y="41.18" x="43.3" y="41.18" />
          <cv cp1x="39.87" cp1y="39.36" cp2x="39.24" cp2y="39.01" x="39.24" y="39.01" />
          <cv cp1x="36.37" cp1y="36.769" cp2x="36.37" cp2y="35.51" x="36.37" y="35.51" />
          <cv cp1x="37.56" cp1y="33.409" cp2x="38.61" cp2y="33.409" x="38.61" y="33.409" />
          <cv cp1x="39.45" cp1y="33.62" cp2x="40.08" cp2y="34.53" x="40.08" y="34.53" />
          <cv cp1x="42.18" cp1y="36.839" cp2x="43.09" cp2y="37.19" x="43.09" y="37.19" />
          <cv cp1x="45.47" cp1y="37.89" cp2x="46.52" cp2y="37.89" x="46.52" y="37.89" />
          <cv cp1x="47.85" cp1y="37.75" cp2x="48.97" cp2y="37.26" x="48.97" y="37.26" />
          <cl />
          <mv x="33.29" y="41.46" />
          <cv cp1x="34.27" cp1y="39.43" cp2x="35.39" cp2y="39.43" x="35.39" y="39.43" />
          <cv cp1x="36.37" cp1y="39.5" cp2x="38.33" cp2y="40.69" x="38.33" y="40.69" />
          <cv cp1x="42.88" cp1y="43.07" cp2x="44.77" cp2y="43.909" x="44.77" y="43.909" />
          <cv cp1x="46.52" cp1y="45.589" cp2x="46.52" cp2y="46.43" x="46.52" y="46.43" />
          <cv cp1x="45.4" cp1y="48.739" cp2x="44.21" cp2y="48.739" x="44.21" y="48.739" />
          <cv cp1x="41.41" cp1y="48.04" cp2x="38.54" cp2y="46.36" x="38.54" y="46.36" />
          <cv cp1x="33.29" cp1y="42.79" cp2x="33.29" cp2y="41.46" x="33.29" y="41.46" />
          <cl />
          <mv x="30.14" y="45.799" />
          <cv cp1x="30.98" cp1y="44.26" cp2x="31.89" cp2y="44.26" x="31.89" y="44.26" />
          <cv cp1x="32.59" cp1y="44.399" cp2x="33.15" cp2y="44.96" x="33.15" y="44.96" />
          <cv cp1x="34.9" cp1y="46.43" cp2x="36.37" cp2y="47.339" x="36.37" y="47.339" />
          <cv cp1x="39.31" cp1y="49.089" cp2x="39.8" cp2y="49.51" x="39.8" y="49.51" />
          <cv cp1x="40.92" cp1y="50.699" cp2x="40.92" cp2y="51.19" x="40.92" y="51.19" />
          <cv cp1x="39.94" cp1y="52.8" cp2x="38.61" cp2y="52.8" x="38.61" y="52.8" />
          <cv cp1x="35.18" cp1y="51.89" cp2x="32.94" cp2y="50" x="32.94" y="50" />
          <cv cp1x="30.14" cp1y="46.92" cp2x="30.14" cp2y="45.799" x="30.14" y="45.799" />
          <cl />
        </path>
      </arrow-head>
    </line>
    <text x="156" y="148" width="264" height="15">
      <font name="Courier" size="12" />
      <color value="#00ff00" />
      <string>/* some arrows for the ArrowTool */</string>
    </text>
  </page>
</document>
