<?xml version="1.0" encoding="UTF-8"?>
<document show-margin="true" snap-margin="true" margin="13.5 36 13.5 36" null-string="&lt;NA&gt;">
  <datasource name="HollywoodDB.xml" source="Jar:/com/reportmill/examples/HollywoodDB.xml" />
  <page width="612" height="792">
    <labels x="13.5" y="36" width="585" height="720" name="Movie" list-key="Movies" rows="10" spacex="9" spacey="0">
      <label width="189" height="72" asize="~~~,~~~">
        <stroke />
        <text x="7.652" y="3.047" width="176.847" height="65.952" valign="middle">
          <font name="Arial Bold" size="12" />
          <pgraph align="center" />
          <string>@getTitle@</string>
          <font name="Arial" size="12" />
          <string>&#10;@getCategory@ &#8226; </string>
          <format type="date" pattern="yyyy" />
          <string>@getShowDate@</string>
        </text>
      </label>
    </labels>
  </page>
</document>
